<?xml version="1.0" encoding="UTF-8"?>
<coverage generated="1647022149509" clover="3.2.0">
  <project timestamp="1647022149509" name="All files">
    <metrics statements="13" coveredstatements="13" conditionals="8" coveredconditionals="8" methods="3" coveredmethods="3" elements="24" coveredelements="24" complexity="0" loc="13" ncloc="13" packages="1" files="2" classes="2"/>
    <file name="calculator.js" path="C:\Users\SQUADRA\Desktop\Studies\curso_de_testes_de_aplicacoes_javascript\src\lib\calculator.js">
      <metrics statements="10" coveredstatements="10" conditionals="8" coveredconditionals="8" methods="1" coveredmethods="1"/>
      <line num="2" count="6" type="stmt"/>
      <line num="3" count="6" type="stmt"/>
      <line num="5" count="6" type="cond" truecount="4" falsecount="0"/>
      <line num="6" count="1" type="stmt"/>
      <line num="9" count="5" type="cond" truecount="4" falsecount="0"/>
      <line num="11" count="2" type="stmt"/>
      <line num="13" count="1" type="stmt"/>
      <line num="15" count="1" type="stmt"/>
      <line num="17" count="1" type="stmt"/>
      <line num="21" count="1" type="stmt"/>
    </file>
    <file name="queryString.js" path="C:\Users\SQUADRA\Desktop\Studies\curso_de_testes_de_aplicacoes_javascript\src\lib\queryString.js">
      <metrics statements="3" coveredstatements="3" conditionals="0" coveredconditionals="0" methods="2" coveredmethods="2"/>
      <line num="1" count="1" type="stmt"/>
      <line num="2" count="1" type="stmt"/>
      <line num="3" count="2" type="stmt"/>
    </file>
  </project>
</coverage>
