{"C:\\Users\\SQUADRA\\Desktop\\Studies\\curso_de_testes_de_aplicacoes_javascript\\src\\lib\\calculator.js": {"path":"C:\\Users\\SQUADRA\\Desktop\\Studies\\curso_de_testes_de_aplicacoes_javascript\\src\\lib\\calculator.js","statementMap":{"0":{"start":{"line":2,"column":21},"end":{"line":2,"column":42}},"1":{"start":{"line":3,"column":21},"end":{"line":3,"column":42}},"2":{"start":{"line":5,"column":4},"end":{"line":7,"column":5}},"3":{"start":{"line":6,"column":8},"end":{"line":6,"column":51}},"4":{"start":{"line":9,"column":4},"end":{"line":18,"column":5}},"5":{"start":{"line":11,"column":12},"end":{"line":11,"column":39}},"6":{"start":{"line":13,"column":12},"end":{"line":13,"column":39}},"7":{"start":{"line":15,"column":12},"end":{"line":15,"column":39}},"8":{"start":{"line":17,"column":12},"end":{"line":17,"column":39}},"9":{"start":{"line":21,"column":0},"end":{"line":21,"column":25}}},"fnMap":{"0":{"name":"execute","decl":{"start":{"line":1,"column":9},"end":{"line":1,"column":16}},"loc":{"start":{"line":1,"column":45},"end":{"line":19,"column":1}},"line":1}},"branchMap":{"0":{"loc":{"start":{"line":5,"column":4},"end":{"line":7,"column":5}},"type":"if","locations":[{"start":{"line":5,"column":4},"end":{"line":7,"column":5}},{"start":{},"end":{}}],"line":5},"1":{"loc":{"start":{"line":5,"column":8},"end":{"line":5,"column":56}},"type":"binary-expr","locations":[{"start":{"line":5,"column":8},"end":{"line":5,"column":30}},{"start":{"line":5,"column":34},"end":{"line":5,"column":56}}],"line":5},"2":{"loc":{"start":{"line":9,"column":4},"end":{"line":18,"column":5}},"type":"switch","locations":[{"start":{"line":10,"column":8},"end":{"line":11,"column":39}},{"start":{"line":12,"column":8},"end":{"line":13,"column":39}},{"start":{"line":14,"column":8},"end":{"line":15,"column":39}},{"start":{"line":16,"column":8},"end":{"line":17,"column":39}}],"line":9}},"s":{"0":6,"1":6,"2":6,"3":1,"4":5,"5":2,"6":1,"7":1,"8":1,"9":1},"f":{"0":6},"b":{"0":[1,5],"1":[6,5],"2":[2,1,1,1]},"_coverageSchema":"1a1c01bbd47fc00a2c39e90264f33305004495a9","hash":"5378a66fe9b55a74649548c8bbdd4b0bb076c8c7"}
,"C:\\Users\\SQUADRA\\Desktop\\Studies\\curso_de_testes_de_aplicacoes_javascript\\src\\lib\\queryString.js": {"path":"C:\\Users\\SQUADRA\\Desktop\\Studies\\curso_de_testes_de_aplicacoes_javascript\\src\\lib\\queryString.js","statementMap":{"0":{"start":{"line":1,"column":0},"end":{"line":4,"column":15}},"1":{"start":{"line":2,"column":2},"end":{"line":4,"column":14}},"2":{"start":{"line":3,"column":27},"end":{"line":3,"column":44}}},"fnMap":{"0":{"name":"(anonymous_0)","decl":{"start":{"line":1,"column":29},"end":{"line":1,"column":30}},"loc":{"start":{"line":2,"column":2},"end":{"line":4,"column":14}},"line":2},"1":{"name":"(anonymous_1)","decl":{"start":{"line":3,"column":9},"end":{"line":3,"column":10}},"loc":{"start":{"line":3,"column":27},"end":{"line":3,"column":44}},"line":3}},"branchMap":{},"s":{"0":1,"1":1,"2":2},"f":{"0":1,"1":2},"b":{},"_coverageSchema":"1a1c01bbd47fc00a2c39e90264f33305004495a9","hash":"99f2afc9bddd8b6a1aeaff138bc77fc87eb63393"}
}
